<?xml version="1.0" encoding="UTF-8"?>
<!-- Generated by org.testng.reporters.JUnitReportReporter -->
<testsuite hostname="Mayurmo-VD3" failures="0" tests="1" name="SumValidation" time="4.951" errors="0" timestamp="2024-07-19T12:03:44 IST" skipped="0">
  <testcase classname="SumValidation" name="SumofCourses" time="4.951"/>
</testsuite> <!-- SumValidation -->
