<?xml version="1.0" encoding="UTF-8"?>
<!-- Generated by org.testng.reporters.JUnitReportReporter -->
<testsuite hostname="Mayurmo-VD3" failures="0" tests="3" name="files.DynamicJson" time="5.172" errors="0" timestamp="2024-07-29T01:06:19 IST" skipped="0">
  <testcase classname="files.DynamicJson" name="addBook" time="0.228"/>
  <testcase classname="files.DynamicJson" name="addBook" time="4.740"/>
  <testcase classname="files.DynamicJson" name="addBook" time="0.204"/>
</testsuite> <!-- files.DynamicJson -->
